Performing C SOURCE FILE Test CMAKE_HAVE_LIBC_PTHREAD failed with the following output:
Change Dir: /home/thanos/Desktop/Rayleigh_Ritz/build/CMakeFiles/CMakeTmp

Run Build Command(s):/usr/bin/make cmTC_58bd7/fast && /usr/bin/make  -f CMakeFiles/cmTC_58bd7.dir/build.make CMakeFiles/cmTC_58bd7.dir/build
make[1]: Entering directory '/home/thanos/Desktop/Rayleigh_Ritz/build/CMakeFiles/CMakeTmp'
Building C object CMakeFiles/cmTC_58bd7.dir/src.c.o
/usr/bin/cc   -DCMAKE_HAVE_LIBC_PTHREAD -o CMakeFiles/cmTC_58bd7.dir/src.c.o -c /home/thanos/Desktop/Rayleigh_Ritz/build/CMakeFiles/CMakeTmp/src.c
Linking C executable cmTC_58bd7
/opt/cmake-3.18.4-Linux-x86_64/bin/cmake -E cmake_link_script CMakeFiles/cmTC_58bd7.dir/link.txt --verbose=1
/usr/bin/cc  -DCMAKE_HAVE_LIBC_PTHREAD -rdynamic CMakeFiles/cmTC_58bd7.dir/src.c.o -o cmTC_58bd7 
CMakeFiles/cmTC_58bd7.dir/src.c.o: In function `main':
src.c:(.text+0x3e): undefined reference to `pthread_create'
src.c:(.text+0x4a): undefined reference to `pthread_detach'
src.c:(.text+0x56): undefined reference to `pthread_cancel'
src.c:(.text+0x67): undefined reference to `pthread_join'
src.c:(.text+0x7b): undefined reference to `pthread_atfork'
collect2: error: ld returned 1 exit status
CMakeFiles/cmTC_58bd7.dir/build.make:105: recipe for target 'cmTC_58bd7' failed
make[1]: *** [cmTC_58bd7] Error 1
make[1]: Leaving directory '/home/thanos/Desktop/Rayleigh_Ritz/build/CMakeFiles/CMakeTmp'
Makefile:140: recipe for target 'cmTC_58bd7/fast' failed
make: *** [cmTC_58bd7/fast] Error 2


Source file was:
#include <pthread.h>

void* test_func(void* data)
{
  return data;
}

int main(void)
{
  pthread_t thread;
  pthread_create(&thread, NULL, test_func, NULL);
  pthread_detach(thread);
  pthread_cancel(thread);
  pthread_join(thread, NULL);
  pthread_atfork(NULL, NULL, NULL);
  pthread_exit(NULL);

  return 0;
}

Determining if the function pthread_create exists in the pthreads failed with the following output:
Change Dir: /home/thanos/Desktop/Rayleigh_Ritz/build/CMakeFiles/CMakeTmp

Run Build Command(s):/usr/bin/make cmTC_f7e1b/fast && /usr/bin/make  -f CMakeFiles/cmTC_f7e1b.dir/build.make CMakeFiles/cmTC_f7e1b.dir/build
make[1]: Entering directory '/home/thanos/Desktop/Rayleigh_Ritz/build/CMakeFiles/CMakeTmp'
Building C object CMakeFiles/cmTC_f7e1b.dir/CheckFunctionExists.c.o
/usr/bin/cc   -DCHECK_FUNCTION_EXISTS=pthread_create -o CMakeFiles/cmTC_f7e1b.dir/CheckFunctionExists.c.o -c /opt/cmake-3.18.4-Linux-x86_64/share/cmake-3.18/Modules/CheckFunctionExists.c
Linking C executable cmTC_f7e1b
/opt/cmake-3.18.4-Linux-x86_64/bin/cmake -E cmake_link_script CMakeFiles/cmTC_f7e1b.dir/link.txt --verbose=1
/usr/bin/cc  -DCHECK_FUNCTION_EXISTS=pthread_create -rdynamic CMakeFiles/cmTC_f7e1b.dir/CheckFunctionExists.c.o -o cmTC_f7e1b  -lpthreads 
/usr/bin/ld: cannot find -lpthreads
collect2: error: ld returned 1 exit status
CMakeFiles/cmTC_f7e1b.dir/build.make:105: recipe for target 'cmTC_f7e1b' failed
make[1]: *** [cmTC_f7e1b] Error 1
make[1]: Leaving directory '/home/thanos/Desktop/Rayleigh_Ritz/build/CMakeFiles/CMakeTmp'
Makefile:140: recipe for target 'cmTC_f7e1b/fast' failed
make: *** [cmTC_f7e1b/fast] Error 2



